<?xml version="1.0" encoding="UTF-8" ?>
<testsuite failures="0" time="155.447" errors="0" skipped="0" tests="1" name="org.easyGoingCrawler.EGCrawler.A51CtoTest">
  <properties>
    <property name="java.runtime.name" value="Java(TM) SE Runtime Environment"/>
    <property name="sun.boot.library.path" value="C:\Program Files (x86)\Java\jdk1.6.0_31\jre\bin"/>
    <property name="java.vm.version" value="20.6-b01"/>
    <property name="java.vm.vendor" value="Sun Microsystems Inc."/>
    <property name="java.vendor.url" value="http://java.sun.com/"/>
    <property name="path.separator" value=";"/>
    <property name="java.vm.name" value="Java HotSpot(TM) Client VM"/>
    <property name="file.encoding.pkg" value="sun.io"/>
    <property name="user.country" value="CN"/>
    <property name="sun.java.launcher" value="SUN_STANDARD"/>
    <property name="sun.os.patch.level" value="Service Pack 1"/>
    <property name="java.vm.specification.name" value="Java Virtual Machine Specification"/>
    <property name="user.dir" value="D:\work\myself\org.egcrawler"/>
    <property name="java.runtime.version" value="1.6.0_31-b05"/>
    <property name="java.awt.graphicsenv" value="sun.awt.Win32GraphicsEnvironment"/>
    <property name="basedir" value="D:\work\myself\org.egcrawler"/>
    <property name="java.endorsed.dirs" value="C:\Program Files (x86)\Java\jdk1.6.0_31\jre\lib\endorsed"/>
    <property name="os.arch" value="x86"/>
    <property name="surefire.real.class.path" value="D:\work\myself\org.egcrawler\target\surefire\surefirebooter3189143056576576867.jar"/>
    <property name="java.io.tmpdir" value="C:\Users\ANDYWE~1\AppData\Local\Temp\"/>
    <property name="line.separator" value="
"/>
    <property name="java.vm.specification.vendor" value="Sun Microsystems Inc."/>
    <property name="user.variant" value=""/>
    <property name="os.name" value="Windows 7"/>
    <property name="sun.jnu.encoding" value="GBK"/>
    <property name="java.library.path" value="C:\Program Files (x86)\Java\jdk1.6.0_31\jre\bin;C:\Windows\Sun\Java\bin;C:\Windows\system32;C:\Windows;C:/Program Files (x86)/Java/jre6/bin/client;C:/Program Files (x86)/Java/jre6/bin;C:/Program Files (x86)/Java/jre6/lib/i386;C:\Program Files\Common Files\Microsoft Shared\Windows Live;C:\Program Files (x86)\Common Files\Microsoft Shared\Windows Live;C:\Windows\system32;C:\Windows;C:\Windows\System32\Wbem;C:\Windows\System32\WindowsPowerShell\v1.0\;C:\Program Files\Java\jdk1.7.0_07\bin;D:\work\program files\ant\apache-ant-1.8.3\bin;%M2_HOME%\bin;C:\Program Files\p4f;C:\Program Files\TortoiseSVN\bin;C:\Python32;D:\Program Files\apache-maven-3.0.4\bin;D:\Program Files\eclipse-jee-indigo-win32--myself\eclipse;;."/>
    <property name="surefire.test.class.path" value="D:\work\myself\org.egcrawler\target\test-classes;D:\work\myself\org.egcrawler\target\classes;C:\code\dev\Jaguar\src\thirdparty\maven-repository\junit\junit\4.4\junit-4.4.jar;C:\code\dev\Jaguar\src\thirdparty\maven-repository\org\springframework\spring-context\3.1.1.RELEASE\spring-context-3.1.1.RELEASE.jar;C:\code\dev\Jaguar\src\thirdparty\maven-repository\org\springframework\spring-aop\3.1.1.RELEASE\spring-aop-3.1.1.RELEASE.jar;C:\code\dev\Jaguar\src\thirdparty\maven-repository\aopalliance\aopalliance\1.0\aopalliance-1.0.jar;C:\code\dev\Jaguar\src\thirdparty\maven-repository\org\springframework\spring-beans\3.1.1.RELEASE\spring-beans-3.1.1.RELEASE.jar;C:\code\dev\Jaguar\src\thirdparty\maven-repository\org\springframework\spring-core\3.1.1.RELEASE\spring-core-3.1.1.RELEASE.jar;C:\code\dev\Jaguar\src\thirdparty\maven-repository\org\springframework\spring-expression\3.1.1.RELEASE\spring-expression-3.1.1.RELEASE.jar;C:\code\dev\Jaguar\src\thirdparty\maven-repository\org\springframework\spring-asm\3.1.1.RELEASE\spring-asm-3.1.1.RELEASE.jar;C:\code\dev\Jaguar\src\thirdparty\maven-repository\org\springframework\spring-webmvc\3.1.1.RELEASE\spring-webmvc-3.1.1.RELEASE.jar;C:\code\dev\Jaguar\src\thirdparty\maven-repository\org\springframework\spring-context-support\3.1.1.RELEASE\spring-context-support-3.1.1.RELEASE.jar;C:\code\dev\Jaguar\src\thirdparty\maven-repository\org\springframework\spring-web\3.1.1.RELEASE\spring-web-3.1.1.RELEASE.jar;C:\code\dev\Jaguar\src\thirdparty\maven-repository\org\aspectj\aspectjweaver\1.6.11\aspectjweaver-1.6.11.jar;C:\code\dev\Jaguar\src\thirdparty\maven-repository\org\apache\httpcomponents\httpclient\4.2.1\httpclient-4.2.1.jar;C:\code\dev\Jaguar\src\thirdparty\maven-repository\org\apache\httpcomponents\httpcore\4.2.1\httpcore-4.2.1.jar;C:\code\dev\Jaguar\src\thirdparty\maven-repository\commons-logging\commons-logging\1.1.1\commons-logging-1.1.1.jar;C:\code\dev\Jaguar\src\thirdparty\maven-repository\org\apache\httpcomponents\httpclient-cache\4.2.1\httpclient-cache-4.2.1.jar;C:\code\dev\Jaguar\src\thirdparty\maven-repository\org\apache\httpcomponents\httpmime\4.2.1\httpmime-4.2.1.jar;C:\code\dev\Jaguar\src\thirdparty\maven-repository\commons-codec\commons-codec\1.7\commons-codec-1.7.jar;C:\code\dev\Jaguar\src\thirdparty\maven-repository\mysql\mysql-connector-java\5.1.2\mysql-connector-java-5.1.2.jar;C:\code\dev\Jaguar\src\thirdparty\maven-repository\org\jsoup\jsoup\1.6.3\jsoup-1.6.3.jar;C:\code\dev\Jaguar\src\thirdparty\maven-repository\org\springframework\data\spring-data-mongodb\1.0.3.RELEASE\spring-data-mongodb-1.0.3.RELEASE.jar;C:\code\dev\Jaguar\src\thirdparty\maven-repository\org\springframework\spring-tx\3.2.2.RELEASE\spring-tx-3.2.2.RELEASE.jar;C:\code\dev\Jaguar\src\thirdparty\maven-repository\org\springframework\data\spring-data-commons-core\1.2.1.RELEASE\spring-data-commons-core-1.2.1.RELEASE.jar;C:\code\dev\Jaguar\src\thirdparty\maven-repository\org\mongodb\mongo-java-driver\2.7.1\mongo-java-driver-2.7.1.jar;C:\code\dev\Jaguar\src\thirdparty\maven-repository\net\sourceforge\htmlunit\htmlunit\2.9\htmlunit-2.9.jar;C:\code\dev\Jaguar\src\thirdparty\maven-repository\xalan\xalan\2.7.1\xalan-2.7.1.jar;C:\code\dev\Jaguar\src\thirdparty\maven-repository\xalan\serializer\2.7.1\serializer-2.7.1.jar;C:\code\dev\Jaguar\src\thirdparty\maven-repository\commons-collections\commons-collections\3.2.1\commons-collections-3.2.1.jar;C:\code\dev\Jaguar\src\thirdparty\maven-repository\commons-lang\commons-lang\2.6\commons-lang-2.6.jar;C:\code\dev\Jaguar\src\thirdparty\maven-repository\net\sourceforge\htmlunit\htmlunit-core-js\2.9\htmlunit-core-js-2.9.jar;C:\code\dev\Jaguar\src\thirdparty\maven-repository\xerces\xercesImpl\2.9.1\xercesImpl-2.9.1.jar;C:\code\dev\Jaguar\src\thirdparty\maven-repository\xml-apis\xml-apis\1.3.04\xml-apis-1.3.04.jar;C:\code\dev\Jaguar\src\thirdparty\maven-repository\net\sourceforge\cssparser\cssparser\0.9.5\cssparser-0.9.5.jar;C:\code\dev\Jaguar\src\thirdparty\maven-repository\org\w3c\css\sac\1.3\sac-1.3.jar;C:\code\dev\Jaguar\src\thirdparty\maven-repository\commons-io\commons-io\2.0.1\commons-io-2.0.1.jar;C:\code\dev\Jaguar\src\thirdparty\maven-repository\org\seleniumhq\selenium\selenium-java\2.28.0\selenium-java-2.28.0.jar;C:\code\dev\Jaguar\src\thirdparty\maven-repository\org\seleniumhq\selenium\selenium-android-driver\2.28.0\selenium-android-driver-2.28.0.jar;C:\code\dev\Jaguar\src\thirdparty\maven-repository\org\seleniumhq\selenium\selenium-remote-driver\2.28.0\selenium-remote-driver-2.28.0.jar;C:\code\dev\Jaguar\src\thirdparty\maven-repository\cglib\cglib-nodep\2.1_3\cglib-nodep-2.1_3.jar;C:\code\dev\Jaguar\src\thirdparty\maven-repository\org\json\json\20080701\json-20080701.jar;C:\code\dev\Jaguar\src\thirdparty\maven-repository\com\google\guava\guava\13.0.1\guava-13.0.1.jar;C:\code\dev\Jaguar\src\thirdparty\maven-repository\org\seleniumhq\selenium\selenium-chrome-driver\2.28.0\selenium-chrome-driver-2.28.0.jar;C:\code\dev\Jaguar\src\thirdparty\maven-repository\org\seleniumhq\selenium\selenium-htmlunit-driver\2.28.0\selenium-htmlunit-driver-2.28.0.jar;C:\code\dev\Jaguar\src\thirdparty\maven-repository\org\seleniumhq\selenium\selenium-api\2.28.0\selenium-api-2.28.0.jar;C:\code\dev\Jaguar\src\thirdparty\maven-repository\org\seleniumhq\selenium\selenium-firefox-driver\2.28.0\selenium-firefox-driver-2.28.0.jar;C:\code\dev\Jaguar\src\thirdparty\maven-repository\org\apache\commons\commons-exec\1.1\commons-exec-1.1.jar;C:\code\dev\Jaguar\src\thirdparty\maven-repository\org\seleniumhq\selenium\selenium-ie-driver\2.28.0\selenium-ie-driver-2.28.0.jar;C:\code\dev\Jaguar\src\thirdparty\maven-repository\net\java\dev\jna\jna\3.4.0\jna-3.4.0.jar;C:\code\dev\Jaguar\src\thirdparty\maven-repository\net\java\dev\jna\platform\3.4.0\platform-3.4.0.jar;C:\code\dev\Jaguar\src\thirdparty\maven-repository\org\seleniumhq\selenium\selenium-iphone-driver\2.28.0\selenium-iphone-driver-2.28.0.jar;C:\code\dev\Jaguar\src\thirdparty\maven-repository\org\seleniumhq\selenium\selenium-safari-driver\2.28.0\selenium-safari-driver-2.28.0.jar;C:\code\dev\Jaguar\src\thirdparty\maven-repository\org\seleniumhq\selenium\selenium-support\2.28.0\selenium-support-2.28.0.jar;C:\code\dev\Jaguar\src\thirdparty\maven-repository\org\webbitserver\webbit\0.4.14\webbit-0.4.14.jar;C:\code\dev\Jaguar\src\thirdparty\maven-repository\io\netty\netty\3.5.2.Final\netty-3.5.2.Final.jar;C:\code\dev\Jaguar\src\thirdparty\maven-repository\net\sourceforge\nekohtml\nekohtml\1.9.16\nekohtml-1.9.16.jar;C:\code\dev\Jaguar\src\thirdparty\maven-repository\log4j\log4j\1.2.13\log4j-1.2.13.jar;C:\code\dev\Jaguar\src\thirdparty\maven-repository\org\slf4j\slf4j-api\1.6.1\slf4j-api-1.6.1.jar;C:\code\dev\Jaguar\src\thirdparty\maven-repository\org\slf4j\slf4j-log4j12\1.6.1\slf4j-log4j12-1.6.1.jar;C:\code\dev\Jaguar\src\thirdparty\maven-repository\org\slf4j\slf4j-nop\1.6.1\slf4j-nop-1.6.1.jar;C:\code\dev\Jaguar\src\thirdparty\maven-repository\lucenelearn\lucenelearn\0.0.1-SNAPSHOT\lucenelearn-0.0.1-SNAPSHOT.jar;C:\code\dev\Jaguar\src\thirdparty\maven-repository\org\eclipse\jetty\jetty-server\7.2.0.v20101020\jetty-server-7.2.0.v20101020.jar;C:\code\dev\Jaguar\src\thirdparty\maven-repository\javax\servlet\servlet-api\2.5\servlet-api-2.5.jar;C:\code\dev\Jaguar\src\thirdparty\maven-repository\org\eclipse\jetty\jetty-continuation\7.2.0.v20101020\jetty-continuation-7.2.0.v20101020.jar;C:\code\dev\Jaguar\src\thirdparty\maven-repository\org\eclipse\jetty\jetty-http\7.2.0.v20101020\jetty-http-7.2.0.v20101020.jar;C:\code\dev\Jaguar\src\thirdparty\maven-repository\org\eclipse\jetty\jetty-io\7.2.0.v20101020\jetty-io-7.2.0.v20101020.jar;C:\code\dev\Jaguar\src\thirdparty\maven-repository\org\eclipse\jetty\jetty-servlet\7.2.0.v20101020\jetty-servlet-7.2.0.v20101020.jar;C:\code\dev\Jaguar\src\thirdparty\maven-repository\org\eclipse\jetty\jetty-security\7.2.0.v20101020\jetty-security-7.2.0.v20101020.jar;C:\code\dev\Jaguar\src\thirdparty\maven-repository\org\eclipse\jetty\jetty-webapp\7.2.0.v20101020\jetty-webapp-7.2.0.v20101020.jar;C:\code\dev\Jaguar\src\thirdparty\maven-repository\org\eclipse\jetty\jetty-xml\7.2.0.v20101020\jetty-xml-7.2.0.v20101020.jar;C:\code\dev\Jaguar\src\thirdparty\maven-repository\org\eclipse\jetty\jetty-util\7.2.0.v20101020\jetty-util-7.2.0.v20101020.jar;C:\code\dev\Jaguar\src\thirdparty\maven-repository\org\mortbay\jetty\jsp-2.1\6.1.14\jsp-2.1-6.1.14.jar;C:\code\dev\Jaguar\src\thirdparty\maven-repository\org\eclipse\jdt\core\3.1.1\core-3.1.1.jar;C:\code\dev\Jaguar\src\thirdparty\maven-repository\ant\ant\1.6.5\ant-1.6.5.jar;C:\code\dev\Jaguar\src\thirdparty\maven-repository\org\mortbay\jetty\jsp-api-2.1\6.1.14\jsp-api-2.1-6.1.14.jar;C:\code\dev\Jaguar\src\thirdparty\maven-repository\org\mortbay\jetty\servlet-api-2.5\6.1.14\servlet-api-2.5-6.1.14.jar;"/>
    <property name="java.specification.name" value="Java Platform API Specification"/>
    <property name="java.class.version" value="50.0"/>
    <property name="sun.management.compiler" value="HotSpot Client Compiler"/>
    <property name="os.version" value="6.1"/>
    <property name="user.home" value="C:\Users\andyWebsense"/>
    <property name="user.timezone" value="Asia/Shanghai"/>
    <property name="java.awt.printerjob" value="sun.awt.windows.WPrinterJob"/>
    <property name="java.specification.version" value="1.6"/>
    <property name="file.encoding" value="GBK"/>
    <property name="user.name" value="andyWebsense"/>
    <property name="java.class.path" value="D:\work\myself\org.egcrawler\target\test-classes;D:\work\myself\org.egcrawler\target\classes;C:\code\dev\Jaguar\src\thirdparty\maven-repository\junit\junit\4.4\junit-4.4.jar;C:\code\dev\Jaguar\src\thirdparty\maven-repository\org\springframework\spring-context\3.1.1.RELEASE\spring-context-3.1.1.RELEASE.jar;C:\code\dev\Jaguar\src\thirdparty\maven-repository\org\springframework\spring-aop\3.1.1.RELEASE\spring-aop-3.1.1.RELEASE.jar;C:\code\dev\Jaguar\src\thirdparty\maven-repository\aopalliance\aopalliance\1.0\aopalliance-1.0.jar;C:\code\dev\Jaguar\src\thirdparty\maven-repository\org\springframework\spring-beans\3.1.1.RELEASE\spring-beans-3.1.1.RELEASE.jar;C:\code\dev\Jaguar\src\thirdparty\maven-repository\org\springframework\spring-core\3.1.1.RELEASE\spring-core-3.1.1.RELEASE.jar;C:\code\dev\Jaguar\src\thirdparty\maven-repository\org\springframework\spring-expression\3.1.1.RELEASE\spring-expression-3.1.1.RELEASE.jar;C:\code\dev\Jaguar\src\thirdparty\maven-repository\org\springframework\spring-asm\3.1.1.RELEASE\spring-asm-3.1.1.RELEASE.jar;C:\code\dev\Jaguar\src\thirdparty\maven-repository\org\springframework\spring-webmvc\3.1.1.RELEASE\spring-webmvc-3.1.1.RELEASE.jar;C:\code\dev\Jaguar\src\thirdparty\maven-repository\org\springframework\spring-context-support\3.1.1.RELEASE\spring-context-support-3.1.1.RELEASE.jar;C:\code\dev\Jaguar\src\thirdparty\maven-repository\org\springframework\spring-web\3.1.1.RELEASE\spring-web-3.1.1.RELEASE.jar;C:\code\dev\Jaguar\src\thirdparty\maven-repository\org\aspectj\aspectjweaver\1.6.11\aspectjweaver-1.6.11.jar;C:\code\dev\Jaguar\src\thirdparty\maven-repository\org\apache\httpcomponents\httpclient\4.2.1\httpclient-4.2.1.jar;C:\code\dev\Jaguar\src\thirdparty\maven-repository\org\apache\httpcomponents\httpcore\4.2.1\httpcore-4.2.1.jar;C:\code\dev\Jaguar\src\thirdparty\maven-repository\commons-logging\commons-logging\1.1.1\commons-logging-1.1.1.jar;C:\code\dev\Jaguar\src\thirdparty\maven-repository\org\apache\httpcomponents\httpclient-cache\4.2.1\httpclient-cache-4.2.1.jar;C:\code\dev\Jaguar\src\thirdparty\maven-repository\org\apache\httpcomponents\httpmime\4.2.1\httpmime-4.2.1.jar;C:\code\dev\Jaguar\src\thirdparty\maven-repository\commons-codec\commons-codec\1.7\commons-codec-1.7.jar;C:\code\dev\Jaguar\src\thirdparty\maven-repository\mysql\mysql-connector-java\5.1.2\mysql-connector-java-5.1.2.jar;C:\code\dev\Jaguar\src\thirdparty\maven-repository\org\jsoup\jsoup\1.6.3\jsoup-1.6.3.jar;C:\code\dev\Jaguar\src\thirdparty\maven-repository\org\springframework\data\spring-data-mongodb\1.0.3.RELEASE\spring-data-mongodb-1.0.3.RELEASE.jar;C:\code\dev\Jaguar\src\thirdparty\maven-repository\org\springframework\spring-tx\3.2.2.RELEASE\spring-tx-3.2.2.RELEASE.jar;C:\code\dev\Jaguar\src\thirdparty\maven-repository\org\springframework\data\spring-data-commons-core\1.2.1.RELEASE\spring-data-commons-core-1.2.1.RELEASE.jar;C:\code\dev\Jaguar\src\thirdparty\maven-repository\org\mongodb\mongo-java-driver\2.7.1\mongo-java-driver-2.7.1.jar;C:\code\dev\Jaguar\src\thirdparty\maven-repository\net\sourceforge\htmlunit\htmlunit\2.9\htmlunit-2.9.jar;C:\code\dev\Jaguar\src\thirdparty\maven-repository\xalan\xalan\2.7.1\xalan-2.7.1.jar;C:\code\dev\Jaguar\src\thirdparty\maven-repository\xalan\serializer\2.7.1\serializer-2.7.1.jar;C:\code\dev\Jaguar\src\thirdparty\maven-repository\commons-collections\commons-collections\3.2.1\commons-collections-3.2.1.jar;C:\code\dev\Jaguar\src\thirdparty\maven-repository\commons-lang\commons-lang\2.6\commons-lang-2.6.jar;C:\code\dev\Jaguar\src\thirdparty\maven-repository\net\sourceforge\htmlunit\htmlunit-core-js\2.9\htmlunit-core-js-2.9.jar;C:\code\dev\Jaguar\src\thirdparty\maven-repository\xerces\xercesImpl\2.9.1\xercesImpl-2.9.1.jar;C:\code\dev\Jaguar\src\thirdparty\maven-repository\xml-apis\xml-apis\1.3.04\xml-apis-1.3.04.jar;C:\code\dev\Jaguar\src\thirdparty\maven-repository\net\sourceforge\cssparser\cssparser\0.9.5\cssparser-0.9.5.jar;C:\code\dev\Jaguar\src\thirdparty\maven-repository\org\w3c\css\sac\1.3\sac-1.3.jar;C:\code\dev\Jaguar\src\thirdparty\maven-repository\commons-io\commons-io\2.0.1\commons-io-2.0.1.jar;C:\code\dev\Jaguar\src\thirdparty\maven-repository\org\seleniumhq\selenium\selenium-java\2.28.0\selenium-java-2.28.0.jar;C:\code\dev\Jaguar\src\thirdparty\maven-repository\org\seleniumhq\selenium\selenium-android-driver\2.28.0\selenium-android-driver-2.28.0.jar;C:\code\dev\Jaguar\src\thirdparty\maven-repository\org\seleniumhq\selenium\selenium-remote-driver\2.28.0\selenium-remote-driver-2.28.0.jar;C:\code\dev\Jaguar\src\thirdparty\maven-repository\cglib\cglib-nodep\2.1_3\cglib-nodep-2.1_3.jar;C:\code\dev\Jaguar\src\thirdparty\maven-repository\org\json\json\20080701\json-20080701.jar;C:\code\dev\Jaguar\src\thirdparty\maven-repository\com\google\guava\guava\13.0.1\guava-13.0.1.jar;C:\code\dev\Jaguar\src\thirdparty\maven-repository\org\seleniumhq\selenium\selenium-chrome-driver\2.28.0\selenium-chrome-driver-2.28.0.jar;C:\code\dev\Jaguar\src\thirdparty\maven-repository\org\seleniumhq\selenium\selenium-htmlunit-driver\2.28.0\selenium-htmlunit-driver-2.28.0.jar;C:\code\dev\Jaguar\src\thirdparty\maven-repository\org\seleniumhq\selenium\selenium-api\2.28.0\selenium-api-2.28.0.jar;C:\code\dev\Jaguar\src\thirdparty\maven-repository\org\seleniumhq\selenium\selenium-firefox-driver\2.28.0\selenium-firefox-driver-2.28.0.jar;C:\code\dev\Jaguar\src\thirdparty\maven-repository\org\apache\commons\commons-exec\1.1\commons-exec-1.1.jar;C:\code\dev\Jaguar\src\thirdparty\maven-repository\org\seleniumhq\selenium\selenium-ie-driver\2.28.0\selenium-ie-driver-2.28.0.jar;C:\code\dev\Jaguar\src\thirdparty\maven-repository\net\java\dev\jna\jna\3.4.0\jna-3.4.0.jar;C:\code\dev\Jaguar\src\thirdparty\maven-repository\net\java\dev\jna\platform\3.4.0\platform-3.4.0.jar;C:\code\dev\Jaguar\src\thirdparty\maven-repository\org\seleniumhq\selenium\selenium-iphone-driver\2.28.0\selenium-iphone-driver-2.28.0.jar;C:\code\dev\Jaguar\src\thirdparty\maven-repository\org\seleniumhq\selenium\selenium-safari-driver\2.28.0\selenium-safari-driver-2.28.0.jar;C:\code\dev\Jaguar\src\thirdparty\maven-repository\org\seleniumhq\selenium\selenium-support\2.28.0\selenium-support-2.28.0.jar;C:\code\dev\Jaguar\src\thirdparty\maven-repository\org\webbitserver\webbit\0.4.14\webbit-0.4.14.jar;C:\code\dev\Jaguar\src\thirdparty\maven-repository\io\netty\netty\3.5.2.Final\netty-3.5.2.Final.jar;C:\code\dev\Jaguar\src\thirdparty\maven-repository\net\sourceforge\nekohtml\nekohtml\1.9.16\nekohtml-1.9.16.jar;C:\code\dev\Jaguar\src\thirdparty\maven-repository\log4j\log4j\1.2.13\log4j-1.2.13.jar;C:\code\dev\Jaguar\src\thirdparty\maven-repository\org\slf4j\slf4j-api\1.6.1\slf4j-api-1.6.1.jar;C:\code\dev\Jaguar\src\thirdparty\maven-repository\org\slf4j\slf4j-log4j12\1.6.1\slf4j-log4j12-1.6.1.jar;C:\code\dev\Jaguar\src\thirdparty\maven-repository\org\slf4j\slf4j-nop\1.6.1\slf4j-nop-1.6.1.jar;C:\code\dev\Jaguar\src\thirdparty\maven-repository\lucenelearn\lucenelearn\0.0.1-SNAPSHOT\lucenelearn-0.0.1-SNAPSHOT.jar;C:\code\dev\Jaguar\src\thirdparty\maven-repository\org\eclipse\jetty\jetty-server\7.2.0.v20101020\jetty-server-7.2.0.v20101020.jar;C:\code\dev\Jaguar\src\thirdparty\maven-repository\javax\servlet\servlet-api\2.5\servlet-api-2.5.jar;C:\code\dev\Jaguar\src\thirdparty\maven-repository\org\eclipse\jetty\jetty-continuation\7.2.0.v20101020\jetty-continuation-7.2.0.v20101020.jar;C:\code\dev\Jaguar\src\thirdparty\maven-repository\org\eclipse\jetty\jetty-http\7.2.0.v20101020\jetty-http-7.2.0.v20101020.jar;C:\code\dev\Jaguar\src\thirdparty\maven-repository\org\eclipse\jetty\jetty-io\7.2.0.v20101020\jetty-io-7.2.0.v20101020.jar;C:\code\dev\Jaguar\src\thirdparty\maven-repository\org\eclipse\jetty\jetty-servlet\7.2.0.v20101020\jetty-servlet-7.2.0.v20101020.jar;C:\code\dev\Jaguar\src\thirdparty\maven-repository\org\eclipse\jetty\jetty-security\7.2.0.v20101020\jetty-security-7.2.0.v20101020.jar;C:\code\dev\Jaguar\src\thirdparty\maven-repository\org\eclipse\jetty\jetty-webapp\7.2.0.v20101020\jetty-webapp-7.2.0.v20101020.jar;C:\code\dev\Jaguar\src\thirdparty\maven-repository\org\eclipse\jetty\jetty-xml\7.2.0.v20101020\jetty-xml-7.2.0.v20101020.jar;C:\code\dev\Jaguar\src\thirdparty\maven-repository\org\eclipse\jetty\jetty-util\7.2.0.v20101020\jetty-util-7.2.0.v20101020.jar;C:\code\dev\Jaguar\src\thirdparty\maven-repository\org\mortbay\jetty\jsp-2.1\6.1.14\jsp-2.1-6.1.14.jar;C:\code\dev\Jaguar\src\thirdparty\maven-repository\org\eclipse\jdt\core\3.1.1\core-3.1.1.jar;C:\code\dev\Jaguar\src\thirdparty\maven-repository\ant\ant\1.6.5\ant-1.6.5.jar;C:\code\dev\Jaguar\src\thirdparty\maven-repository\org\mortbay\jetty\jsp-api-2.1\6.1.14\jsp-api-2.1-6.1.14.jar;C:\code\dev\Jaguar\src\thirdparty\maven-repository\org\mortbay\jetty\servlet-api-2.5\6.1.14\servlet-api-2.5-6.1.14.jar;"/>
    <property name="java.vm.specification.version" value="1.0"/>
    <property name="sun.arch.data.model" value="32"/>
    <property name="java.home" value="C:\Program Files (x86)\Java\jdk1.6.0_31\jre"/>
    <property name="sun.java.command" value="D:\work\myself\org.egcrawler\target\surefire\surefirebooter3189143056576576867.jar D:\work\myself\org.egcrawler\target\surefire\surefire6796082880181798085tmp D:\work\myself\org.egcrawler\target\surefire\surefire2532313975273512539tmp"/>
    <property name="java.specification.vendor" value="Sun Microsystems Inc."/>
    <property name="user.language" value="zh"/>
    <property name="awt.toolkit" value="sun.awt.windows.WToolkit"/>
    <property name="java.vm.info" value="mixed mode, sharing"/>
    <property name="java.version" value="1.6.0_31"/>
    <property name="java.ext.dirs" value="C:\Program Files (x86)\Java\jdk1.6.0_31\jre\lib\ext;C:\Windows\Sun\Java\lib\ext"/>
    <property name="sun.boot.class.path" value="C:\Program Files (x86)\Java\jdk1.6.0_31\jre\lib\resources.jar;C:\Program Files (x86)\Java\jdk1.6.0_31\jre\lib\rt.jar;C:\Program Files (x86)\Java\jdk1.6.0_31\jre\lib\sunrsasign.jar;C:\Program Files (x86)\Java\jdk1.6.0_31\jre\lib\jsse.jar;C:\Program Files (x86)\Java\jdk1.6.0_31\jre\lib\jce.jar;C:\Program Files (x86)\Java\jdk1.6.0_31\jre\lib\charsets.jar;C:\Program Files (x86)\Java\jdk1.6.0_31\jre\lib\modules\jdk.boot.jar;C:\Program Files (x86)\Java\jdk1.6.0_31\jre\classes"/>
    <property name="java.vendor" value="Sun Microsystems Inc."/>
    <property name="localRepository" value="C:\code\dev\Jaguar\src\thirdparty\maven-repository"/>
    <property name="file.separator" value="\"/>
    <property name="java.vendor.url.bug" value="http://java.sun.com/cgi-bin/bugreport.cgi"/>
    <property name="sun.cpu.endian" value="little"/>
    <property name="sun.io.unicode.encoding" value="UnicodeLittle"/>
    <property name="sun.desktop" value="windows"/>
    <property name="sun.cpu.isalist" value="pentium_pro+mmx pentium_pro pentium+mmx pentium i486 i386 i86"/>
  </properties>
  <testcase time="155.416" classname="org.easyGoingCrawler.EGCrawler.A51CtoTest" name="TestBlog"/>
</testsuite>