<?xml version="1.0" encoding="UTF-8" ?>
<testsuite failures="0" time="19.666" errors="0" skipped="0" tests="1" name="org.easyGoingCrawler.fetcher.HtmlUnitTest">
  <properties>
    <property name="java.runtime.name" value="Java(TM) SE Runtime Environment"/>
    <property name="sun.boot.library.path" value="E:\Program Files\eclipse-java-helios-SR2-win32\eclipse\jre\bin"/>
    <property name="java.vm.version" value="10.0-b19"/>
    <property name="org.w3c.css.sac.parser" value="com.steadystate.css.parser.SACParserCSS2"/>
    <property name="java.vm.vendor" value="Sun Microsystems Inc."/>
    <property name="java.vendor.url" value="http://java.sun.com/"/>
    <property name="path.separator" value=";"/>
    <property name="java.vm.name" value="Java HotSpot(TM) Client VM"/>
    <property name="file.encoding.pkg" value="sun.io"/>
    <property name="user.country" value="CN"/>
    <property name="sun.java.launcher" value="SUN_STANDARD"/>
    <property name="sun.os.patch.level" value="Service Pack 1"/>
    <property name="java.vm.specification.name" value="Java Virtual Machine Specification"/>
    <property name="user.dir" value="E:\我的文件夹\eclipseworkpace\org.egcrawler"/>
    <property name="java.runtime.version" value="1.6.0_05-b13"/>
    <property name="java.awt.graphicsenv" value="sun.awt.Win32GraphicsEnvironment"/>
    <property name="basedir" value="E:\我的文件夹\eclipseworkpace\org.egcrawler"/>
    <property name="java.endorsed.dirs" value="E:\Program Files\eclipse-java-helios-SR2-win32\eclipse\jre\lib\endorsed"/>
    <property name="os.arch" value="x86"/>
    <property name="surefire.real.class.path" value="E:\我的文件夹\eclipseworkpace\org.egcrawler\target\surefire\surefirebooter63822.jar"/>
    <property name="java.io.tmpdir" value="C:\Users\junjun\AppData\Local\Temp\"/>
    <property name="line.separator" value="
"/>
    <property name="java.vm.specification.vendor" value="Sun Microsystems Inc."/>
    <property name="user.variant" value=""/>
    <property name="os.name" value="Windows Vista"/>
    <property name="sun.jnu.encoding" value="GBK"/>
    <property name="java.library.path" value="E:\Program Files\eclipse-java-helios-SR2-win32\eclipse\jre\bin;.;C:\Windows\Sun\Java\bin;C:\Windows\system32;C:\Windows;E:\Program Files\eclipse-java-helios-SR2-win32\eclipse\jre\bin;E:/Program Files/eclipse-java-helios-SR2-win32/eclipse/jre/bin/client;E:/Program Files/eclipse-java-helios-SR2-win32/eclipse/jre/bin;E:/Program Files/eclipse-java-helios-SR2-win32/eclipse/jre/lib/i386;C:\Program Files (x86)\NVIDIA Corporation\PhysX\Common;C:\Program Files (x86)\Intel\iCLS Client\;C:\Program Files\Intel\iCLS Client\;C:\Windows\system32;C:\Windows;C:\Windows\System32\Wbem;C:\Windows\System32\WindowsPowerShell\v1.0\;C:\Program Files (x86)\Intel\OpenCL SDK\2.0\bin\x86;C:\Program Files (x86)\Intel\OpenCL SDK\2.0\bin\x64;C:\Program Files\Intel\Intel(R) Management Engine Components\DAL;C:\Program Files\Intel\Intel(R) Management Engine Components\IPT;C:\Program Files (x86)\Java\jrockit-jdk1.6.0_26-R28.1.4-4.0.1\bin;E:\Program Files\mysql5.5\bin;C:\Program Files\TortoiseSVN\bin;E:\Program Files\Matlab\runtime\win64;E:\Program Files\Matlab\bin;E:\Program Files\eclipse-java-helios-SR2-win32\eclipse;"/>
    <property name="surefire.test.class.path" value="E:\我的文件夹\eclipseworkpace\org.egcrawler\target\test-classes;E:\我的文件夹\eclipseworkpace\org.egcrawler\target\classes;C:\Users\junjun\.m2\repository\junit\junit\4.4\junit-4.4.jar;C:\Users\junjun\.m2\repository\org\springframework\spring-context\3.1.1.RELEASE\spring-context-3.1.1.RELEASE.jar;C:\Users\junjun\.m2\repository\org\springframework\spring-aop\3.1.1.RELEASE\spring-aop-3.1.1.RELEASE.jar;C:\Users\junjun\.m2\repository\aopalliance\aopalliance\1.0\aopalliance-1.0.jar;C:\Users\junjun\.m2\repository\org\springframework\spring-beans\3.1.1.RELEASE\spring-beans-3.1.1.RELEASE.jar;C:\Users\junjun\.m2\repository\org\springframework\spring-core\3.1.1.RELEASE\spring-core-3.1.1.RELEASE.jar;C:\Users\junjun\.m2\repository\org\springframework\spring-expression\3.1.1.RELEASE\spring-expression-3.1.1.RELEASE.jar;C:\Users\junjun\.m2\repository\org\springframework\spring-asm\3.1.1.RELEASE\spring-asm-3.1.1.RELEASE.jar;C:\Users\junjun\.m2\repository\org\springframework\spring-webmvc\3.1.1.RELEASE\spring-webmvc-3.1.1.RELEASE.jar;C:\Users\junjun\.m2\repository\org\springframework\spring-context-support\3.1.1.RELEASE\spring-context-support-3.1.1.RELEASE.jar;C:\Users\junjun\.m2\repository\org\springframework\spring-web\3.1.1.RELEASE\spring-web-3.1.1.RELEASE.jar;C:\Users\junjun\.m2\repository\org\aspectj\aspectjweaver\1.6.11\aspectjweaver-1.6.11.jar;C:\Users\junjun\.m2\repository\org\apache\httpcomponents\httpclient\4.1.2\httpclient-4.1.2.jar;C:\Users\junjun\.m2\repository\org\apache\httpcomponents\httpcore\4.1.2\httpcore-4.1.2.jar;C:\Users\junjun\.m2\repository\commons-logging\commons-logging\1.1.1\commons-logging-1.1.1.jar;C:\Users\junjun\.m2\repository\commons-codec\commons-codec\1.4\commons-codec-1.4.jar;C:\Users\junjun\.m2\repository\org\apache\httpcomponents\httpclient-cache\4.1.2\httpclient-cache-4.1.2.jar;C:\Users\junjun\.m2\repository\org\apache\httpcomponents\httpmime\4.1.2\httpmime-4.1.2.jar;C:\Users\junjun\.m2\repository\mysql\mysql-connector-java\5.1.2\mysql-connector-java-5.1.2.jar;C:\Users\junjun\.m2\repository\org\jsoup\jsoup\1.6.3\jsoup-1.6.3.jar;C:\Users\junjun\.m2\repository\org\springframework\data\spring-data-mongodb\1.0.3.RELEASE\spring-data-mongodb-1.0.3.RELEASE.jar;C:\Users\junjun\.m2\repository\org\springframework\spring-tx\3.2.0.RELEASE\spring-tx-3.2.0.RELEASE.jar;C:\Users\junjun\.m2\repository\org\springframework\data\spring-data-commons-core\1.2.1.RELEASE\spring-data-commons-core-1.2.1.RELEASE.jar;C:\Users\junjun\.m2\repository\org\mongodb\mongo-java-driver\2.7.1\mongo-java-driver-2.7.1.jar;C:\Users\junjun\.m2\repository\net\sourceforge\htmlunit\htmlunit\2.9\htmlunit-2.9.jar;C:\Users\junjun\.m2\repository\xalan\xalan\2.7.1\xalan-2.7.1.jar;C:\Users\junjun\.m2\repository\xalan\serializer\2.7.1\serializer-2.7.1.jar;C:\Users\junjun\.m2\repository\commons-collections\commons-collections\3.2.1\commons-collections-3.2.1.jar;C:\Users\junjun\.m2\repository\commons-lang\commons-lang\2.6\commons-lang-2.6.jar;C:\Users\junjun\.m2\repository\net\sourceforge\htmlunit\htmlunit-core-js\2.9\htmlunit-core-js-2.9.jar;C:\Users\junjun\.m2\repository\xerces\xercesImpl\2.9.1\xercesImpl-2.9.1.jar;C:\Users\junjun\.m2\repository\xml-apis\xml-apis\1.3.04\xml-apis-1.3.04.jar;C:\Users\junjun\.m2\repository\net\sourceforge\cssparser\cssparser\0.9.5\cssparser-0.9.5.jar;C:\Users\junjun\.m2\repository\org\w3c\css\sac\1.3\sac-1.3.jar;C:\Users\junjun\.m2\repository\commons-io\commons-io\2.0.1\commons-io-2.0.1.jar;C:\Users\junjun\.m2\repository\net\sourceforge\nekohtml\nekohtml\1.9.16\nekohtml-1.9.16.jar;C:\Users\junjun\.m2\repository\log4j\log4j\1.2.13\log4j-1.2.13.jar;C:\Users\junjun\.m2\repository\org\slf4j\slf4j-api\1.6.1\slf4j-api-1.6.1.jar;C:\Users\junjun\.m2\repository\org\slf4j\slf4j-log4j12\1.6.1\slf4j-log4j12-1.6.1.jar;C:\Users\junjun\.m2\repository\org\slf4j\slf4j-nop\1.6.1\slf4j-nop-1.6.1.jar;"/>
    <property name="java.specification.name" value="Java Platform API Specification"/>
    <property name="java.class.version" value="50.0"/>
    <property name="sun.management.compiler" value="HotSpot Client Compiler"/>
    <property name="os.version" value="6.1"/>
    <property name="user.home" value="C:\Users\junjun"/>
    <property name="user.timezone" value="Asia/Shanghai"/>
    <property name="java.awt.printerjob" value="sun.awt.windows.WPrinterJob"/>
    <property name="java.specification.version" value="1.6"/>
    <property name="file.encoding" value="GBK"/>
    <property name="user.name" value="junjun"/>
    <property name="java.class.path" value="E:\我的文件夹\eclipseworkpace\org.egcrawler\target\test-classes;E:\我的文件夹\eclipseworkpace\org.egcrawler\target\classes;C:\Users\junjun\.m2\repository\junit\junit\4.4\junit-4.4.jar;C:\Users\junjun\.m2\repository\org\springframework\spring-context\3.1.1.RELEASE\spring-context-3.1.1.RELEASE.jar;C:\Users\junjun\.m2\repository\org\springframework\spring-aop\3.1.1.RELEASE\spring-aop-3.1.1.RELEASE.jar;C:\Users\junjun\.m2\repository\aopalliance\aopalliance\1.0\aopalliance-1.0.jar;C:\Users\junjun\.m2\repository\org\springframework\spring-beans\3.1.1.RELEASE\spring-beans-3.1.1.RELEASE.jar;C:\Users\junjun\.m2\repository\org\springframework\spring-core\3.1.1.RELEASE\spring-core-3.1.1.RELEASE.jar;C:\Users\junjun\.m2\repository\org\springframework\spring-expression\3.1.1.RELEASE\spring-expression-3.1.1.RELEASE.jar;C:\Users\junjun\.m2\repository\org\springframework\spring-asm\3.1.1.RELEASE\spring-asm-3.1.1.RELEASE.jar;C:\Users\junjun\.m2\repository\org\springframework\spring-webmvc\3.1.1.RELEASE\spring-webmvc-3.1.1.RELEASE.jar;C:\Users\junjun\.m2\repository\org\springframework\spring-context-support\3.1.1.RELEASE\spring-context-support-3.1.1.RELEASE.jar;C:\Users\junjun\.m2\repository\org\springframework\spring-web\3.1.1.RELEASE\spring-web-3.1.1.RELEASE.jar;C:\Users\junjun\.m2\repository\org\aspectj\aspectjweaver\1.6.11\aspectjweaver-1.6.11.jar;C:\Users\junjun\.m2\repository\org\apache\httpcomponents\httpclient\4.1.2\httpclient-4.1.2.jar;C:\Users\junjun\.m2\repository\org\apache\httpcomponents\httpcore\4.1.2\httpcore-4.1.2.jar;C:\Users\junjun\.m2\repository\commons-logging\commons-logging\1.1.1\commons-logging-1.1.1.jar;C:\Users\junjun\.m2\repository\commons-codec\commons-codec\1.4\commons-codec-1.4.jar;C:\Users\junjun\.m2\repository\org\apache\httpcomponents\httpclient-cache\4.1.2\httpclient-cache-4.1.2.jar;C:\Users\junjun\.m2\repository\org\apache\httpcomponents\httpmime\4.1.2\httpmime-4.1.2.jar;C:\Users\junjun\.m2\repository\mysql\mysql-connector-java\5.1.2\mysql-connector-java-5.1.2.jar;C:\Users\junjun\.m2\repository\org\jsoup\jsoup\1.6.3\jsoup-1.6.3.jar;C:\Users\junjun\.m2\repository\org\springframework\data\spring-data-mongodb\1.0.3.RELEASE\spring-data-mongodb-1.0.3.RELEASE.jar;C:\Users\junjun\.m2\repository\org\springframework\spring-tx\3.2.0.RELEASE\spring-tx-3.2.0.RELEASE.jar;C:\Users\junjun\.m2\repository\org\springframework\data\spring-data-commons-core\1.2.1.RELEASE\spring-data-commons-core-1.2.1.RELEASE.jar;C:\Users\junjun\.m2\repository\org\mongodb\mongo-java-driver\2.7.1\mongo-java-driver-2.7.1.jar;C:\Users\junjun\.m2\repository\net\sourceforge\htmlunit\htmlunit\2.9\htmlunit-2.9.jar;C:\Users\junjun\.m2\repository\xalan\xalan\2.7.1\xalan-2.7.1.jar;C:\Users\junjun\.m2\repository\xalan\serializer\2.7.1\serializer-2.7.1.jar;C:\Users\junjun\.m2\repository\commons-collections\commons-collections\3.2.1\commons-collections-3.2.1.jar;C:\Users\junjun\.m2\repository\commons-lang\commons-lang\2.6\commons-lang-2.6.jar;C:\Users\junjun\.m2\repository\net\sourceforge\htmlunit\htmlunit-core-js\2.9\htmlunit-core-js-2.9.jar;C:\Users\junjun\.m2\repository\xerces\xercesImpl\2.9.1\xercesImpl-2.9.1.jar;C:\Users\junjun\.m2\repository\xml-apis\xml-apis\1.3.04\xml-apis-1.3.04.jar;C:\Users\junjun\.m2\repository\net\sourceforge\cssparser\cssparser\0.9.5\cssparser-0.9.5.jar;C:\Users\junjun\.m2\repository\org\w3c\css\sac\1.3\sac-1.3.jar;C:\Users\junjun\.m2\repository\commons-io\commons-io\2.0.1\commons-io-2.0.1.jar;C:\Users\junjun\.m2\repository\net\sourceforge\nekohtml\nekohtml\1.9.16\nekohtml-1.9.16.jar;C:\Users\junjun\.m2\repository\log4j\log4j\1.2.13\log4j-1.2.13.jar;C:\Users\junjun\.m2\repository\org\slf4j\slf4j-api\1.6.1\slf4j-api-1.6.1.jar;C:\Users\junjun\.m2\repository\org\slf4j\slf4j-log4j12\1.6.1\slf4j-log4j12-1.6.1.jar;C:\Users\junjun\.m2\repository\org\slf4j\slf4j-nop\1.6.1\slf4j-nop-1.6.1.jar;"/>
    <property name="java.vm.specification.version" value="1.0"/>
    <property name="sun.arch.data.model" value="32"/>
    <property name="java.home" value="E:\Program Files\eclipse-java-helios-SR2-win32\eclipse\jre"/>
    <property name="java.specification.vendor" value="Sun Microsystems Inc."/>
    <property name="user.language" value="zh"/>
    <property name="awt.toolkit" value="sun.awt.windows.WToolkit"/>
    <property name="java.vm.info" value="mixed mode, sharing"/>
    <property name="java.version" value="1.6.0_05"/>
    <property name="java.ext.dirs" value="E:\Program Files\eclipse-java-helios-SR2-win32\eclipse\jre\lib\ext;C:\Windows\Sun\Java\lib\ext"/>
    <property name="sun.boot.class.path" value="E:\Program Files\eclipse-java-helios-SR2-win32\eclipse\jre\lib\resources.jar;E:\Program Files\eclipse-java-helios-SR2-win32\eclipse\jre\lib\rt.jar;E:\Program Files\eclipse-java-helios-SR2-win32\eclipse\jre\lib\sunrsasign.jar;E:\Program Files\eclipse-java-helios-SR2-win32\eclipse\jre\lib\jsse.jar;E:\Program Files\eclipse-java-helios-SR2-win32\eclipse\jre\lib\jce.jar;E:\Program Files\eclipse-java-helios-SR2-win32\eclipse\jre\lib\charsets.jar;E:\Program Files\eclipse-java-helios-SR2-win32\eclipse\jre\classes"/>
    <property name="java.vendor" value="Sun Microsystems Inc."/>
    <property name="localRepository" value="C:\Users\junjun\.m2\repository"/>
    <property name="file.separator" value="\"/>
    <property name="java.vendor.url.bug" value="http://java.sun.com/cgi-bin/bugreport.cgi"/>
    <property name="sun.cpu.endian" value="little"/>
    <property name="sun.io.unicode.encoding" value="UnicodeLittle"/>
    <property name="sun.desktop" value="windows"/>
    <property name="sun.cpu.isalist" value="pentium_pro+mmx pentium_pro pentium+mmx pentium i486 i386 i86"/>
  </properties>
  <testcase time="19.663" classname="org.easyGoingCrawler.fetcher.HtmlUnitTest" name="testIndexHtml"/>
</testsuite>