<?xml version="1.0" encoding="UTF-8"?>
<beans xmlns="http://www.springframework.org/schema/beans"
	xmlns:xsi="http://www.w3.org/2001/XMLSchema-instance" xmlns:mvc="http://www.springframework.org/schema/mvc"
	xmlns:context="http://www.springframework.org/schema/context" xmlns:p="http://www.springframework.org/schema/p"
	xsi:schemaLocation="http://www.springframework.org/schema/mvc
						http://www.springframework.org/schema/mvc/spring-mvc-3.0.xsd
						http://www.springframework.org/schema/beans
						http://www.springframework.org/schema/beans/spring-beans-3.0.xsd
						http://www.springframework.org/schema/context
						http://www.springframework.org/schema/context/spring-context-3.0.xsd
						"					
						>
	<!--注解说明 -->
	<context:annotation-config />
    <mvc:annotation-driven />

	<mvc:resources mapping="/resources/**" location="/resources/" />

	<!-- 把标记了@Controller注解的类转换为bean -->
	<context:component-scan base-package="org.junju.controller.*" />

	<bean
		class="org.springframework.web.servlet.mvc.annotation.AnnotationMethodHandlerAdapter">
	</bean>

	<bean
		class="org.springframework.web.servlet.view.InternalResourceViewResolver">
		<property name="prefix" value="/WEB-INF/jsp/" />
		<property name="suffix" value=".jsp" />
	</bean>
	
	<!-- 处理上传到文件 id必须是 multipartResolver 不然dispathcer会忽略它-->
	<bean id="multipartResolver"
		class="org.springframework.web.multipart.commons.CommonsMultipartResolver"
		p:maxUploadSize="500000" />
	
	<!-- 返回json xml类型 -->
	<bean class="org.springframework.web.servlet.view.ContentNegotiatingViewResolver">
		<property name="order" value="1" />  
		<property name="mediaTypes">
			<map>
				<entry key="json" value="application/json" />
				<entry key="xml" value="text/xml" />
				<entry key="htm" value="text/html" />
			</map>
		</property>
		<property name="defaultViews">  
        <list>  
            <bean  
                class="org.springframework.web.servlet.view.json.MappingJacksonJsonView" />  
        </list>  
    </property>  
    <property name="ignoreAcceptHeader" value="false" />  
	<property name="defaultContentType" value="text/html" />
	</bean>
</beans>
